This is TeX, Version 3.14159 (Web2C 7.3.1) (format=tex 2000.5.30)  18 JUL 2000 20:56
**\nonstopmode\input R-Matrix.texi
(R-Matrix.texi (/usr/share/texmf/tex/texinfo/texinfo.tex
Loading texinfo [version 1999-09-25.10]: Basics,
\bindingoffset=\dimen16
\normaloffset=\dimen17
\pagewidth=\dimen18
\pageheight=\dimen19
\outerhsize=\dimen20
\outervsize=\dimen21
\cornerlong=\dimen22
\cornerthick=\dimen23
\topandbottommargin=\dimen24
\headlinebox=\box16
\footlinebox=\box17
\margin=\insert252
\EMsimple=\toks12
\singlespaceskip=\skip18
\groupinvalidhelp=\toks13
\mil=\dimen25
\exdentamount=\skip19
\inmarginspacing=\skip20
 pdf,
\tempnum=\count26
\lnkcount=\count27
\filename=\toks14
\filenamelength=\count28
\pgn=\count29
\toksA=\toks15
\toksB=\toks16
\toksC=\toks17
\toksD=\toks18
\boxA=\box18
\countA=\count30
 fonts,
\sffam=\fam8
\mainmagstep=\count31
\fontdepth=\count32
 page headings,
\titlepagetopglue=\skip21
\titlepagebottomglue=\skip22
\evenheadline=\toks19
\oddheadline=\toks20
\evenfootline=\toks21
\oddfootline=\toks22

tables,
\tableindent=\dimen26
\itemindent=\dimen27
\itemmargin=\dimen28
\itemmax=\dimen29
\itemno=\count33
\multitableparskip=\skip23
\multitableparindent=\skip24
\multitablecolspace=\dimen30
\multitablelinespace=\skip25
\colcount=\count34
 conditionals, indexing,
\secondaryindent=\skip26
\partialpage=\box19
\doublecolumnhsize=\dimen31
 sectioning,
\chapno=\count35
\secno=\count36
\subsecno=\count37
\subsubsecno=\count38
\appendixno=\count39
\absseclevel=\count40
\secbase=\count41
\chapheadingskip=\skip27
\secheadingskip=\skip28
\subsecheadingskip=\skip29
 toc,
\tocfile=\write0
\contentsrightmargin=\skip30
\savepageno=\count42
\lastnegativepageno=\count43
\shortappendixwidth=\dimen32
\tocindent=\dimen33
 environments,
\dblarrowbox=\box20
\longdblarrowbox=\box21
\pushcharbox=\box22
\bullbox=\box23
\equivbox=\box24
\errorbox=\box25
\lispnarrowing=\skip31
\envskipamount=\skip32
\circthick=\dimen34
\cartouter=\dimen35
\cartinner=\dimen36
\normbskip=\skip33
\normpskip=\skip34
\normlskip=\skip35
\lskip=\skip36
\rskip=\skip37
 defuns,
\defbodyindent=\skip38
\defargsindent=\skip39
\deftypemargin=\skip40
\deflastargmargin=\skip41
\parencount=\count44
 macros,
\macscribble=\write1
\paramno=\count45
\macname=\toks23

cross references,
\auxfile=\write2
\savesfregister=\count46
\footnoteno=\count47
 (/usr/share/texmf/tex/plain/dvips/epsf.tex
\epsffilein=\read0
\epsfframemargin=\dimen37
\epsfframethickness=\dimen38
\epsfrsize=\dimen39
\epsftmp=\dimen40
\epsftsize=\dimen41
\epsfxsize=\dimen42
\epsfysize=\dimen43
\pspoints=\dimen44
\epsfnoopenhelp=\toks24
)
\noepsfhelp=\toks25
 localization,
\nolanghelp=\toks26
\defaultparindent=\dimen45

and turning on texinfo input format.) (R-Matrix.aux)
@cpindfile=@write3
@fnindfile=@write4
@vrindfile=@write5
@tpindfile=@write6
@kyindfile=@write7
@pgindfile=@write8
 (R-defs.texi) [1
\openout2 = `R-Matrix.aux'.

\openout3 = `R-Matrix.cp'.

\openout4 = `R-Matrix.fn'.

\openout5 = `R-Matrix.vr'.

\openout6 = `R-Matrix.tp'.

\openout7 = `R-Matrix.ky'.

\openout8 = `R-Matrix.pg'.

]
\openout1 = `R-Matrix.tmp'.


(R-Matrix.tmp) [2] (R-Matrix.toc) [-1] (Acknowledgments)
\openout0 = `R-Matrix.toc'.

\openout1 = `R-Matrix.tmp'.

 (R-Matrix.tmp)
Chapter 1 [1] [2] Chapter 2 [3]
\openout1 = `R-Matrix.tmp'.

 (R-Matrix.tmp) [4] [5]
\openout1 = `R-Matrix.tmp'.

 (R-Matrix.tmp)
\openout1 = `R-Matrix.tmp'.


(R-Matrix.tmp)
\openout1 = `R-Matrix.tmp'.

 (R-Matrix.tmp)
\openout1 = `R-Matrix.tmp'.

 (R-Matrix.tmp)
\openout1 = `R-Matrix.tmp'.

 (R-Matrix.tmp)
\openout1 = `R-Matrix.tmp'.

 (R-Matrix.tmp)
\openout1 = `R-Matrix.tmp'.


(R-Matrix.tmp)
\openout1 = `R-Matrix.tmp'.

 (R-Matrix.tmp)
\openout1 = `R-Matrix.tmp'.

 (R-Matrix.tmp) [6]
\openout1 = `R-Matrix.tmp'.

 (R-Matrix.tmp)
\openout1 = `R-Matrix.tmp'.

 (R-Matrix.tmp)
\openout1 = `R-Matrix.tmp'.


(R-Matrix.tmp)
\openout1 = `R-Matrix.tmp'.

 (R-Matrix.tmp)
\openout1 = `R-Matrix.tmp'.

 (R-Matrix.tmp)
\openout1 = `R-Matrix.tmp'.

 (R-Matrix.tmp)
\openout1 = `R-Matrix.tmp'.

 (R-Matrix.tmp)
\openout1 = `R-Matrix.tmp'.


(R-Matrix.tmp) [7] (Function and variable index) [8] (Concept index) [9]
[10] ) 
Here is how much of TeX's memory you used:
 1278 strings out of 13013
 14158 string characters out of 97269
 34859 words of memory out of 263001
 2158 multiletter control sequences out of 10000+0
 30704 words of font info for 106 fonts, out of 400000 for 1000
 19 hyphenation exceptions out of 1000
 14i,6n,10p,237b,266s stack positions out of 300i,100n,500p,50000b,4000s

Output written on R-Matrix.dvi (13 pages, 22984 bytes).
